app/build/outputs/apk/manifest-merger-debug-report.txt
-- Merging decision tree log ---
manifest
ADDED from AndroidManifest.xml:2:1
	xmlns:android
		ADDED from AndroidManifest.xml:2:11
	package
		ADDED from AndroidManifest.xml:3:11
		INJECTED from AndroidManifest.xml:0:0
		INJECTED from AndroidManifest.xml:0:0
	android:versionName
		ADDED from AndroidManifest.xml:5:11
	android:versionCode
		ADDED from AndroidManifest.xml:4:11
		INJECTED from AndroidManifest.xml:0:0
		INJECTED from AndroidManifest.xml:0:0
uses-sdk
ADDED from AndroidManifest.xml:6:5
MERGED from clipnotes.libraries:tess-two:unspecified:22:5
	android:targetSdkVersion
		INJECTED from AndroidManifest.xml:0:0
		INJECTED from AndroidManifest.xml:0:0
	android:minSdkVersion
		ADDED from AndroidManifest.xml:6:15
		INJECTED from AndroidManifest.xml:0:0
		INJECTED from AndroidManifest.xml:0:0
application
ADDED from AndroidManifest.xml:7:5
	android:label
		ADDED from AndroidManifest.xml:7:18
	android:icon
		ADDED from AndroidManifest.xml:7:51
	android:largeHeap
		ADDED from AndroidManifest.xml:7:88
activity#com.clipnotes.activity.Main
ADDED from AndroidManifest.xml:8:9
	android:label
		ADDED from AndroidManifest.xml:9:19
	android:name
		ADDED from AndroidManifest.xml:8:19
intent-filter#android.intent.action.MAIN+android.intent.category.LAUNCHER
ADDED from AndroidManifest.xml:10:13
action#android.intent.action.MAIN
ADDED from AndroidManifest.xml:11:17
	android:name
		ADDED from AndroidManifest.xml:11:25
category#android.intent.category.LAUNCHER
ADDED from AndroidManifest.xml:12:17
	android:name
		ADDED from AndroidManifest.xml:12:27
activity#com.clipnotes.activity.Capture
ADDED from AndroidManifest.xml:16:9
	android:label
		ADDED from AndroidManifest.xml:17:19
	android:name
		ADDED from AndroidManifest.xml:16:19
intent-filter#android.intent.action.MAIN+android.intent.category.DEFAULT
ADDED from AndroidManifest.xml:18:13
category#android.intent.category.DEFAULT
ADDED from AndroidManifest.xml:20:17
	android:name
		ADDED from AndroidManifest.xml:20:27
activity#com.clipnotes.activity.Results
ADDED from AndroidManifest.xml:24:9
	android:label
		ADDED from AndroidManifest.xml:25:19
	android:name
		ADDED from AndroidManifest.xml:24:19
activity#com.clipnotes.activity.FlashCards
ADDED from AndroidManifest.xml:32:9
	android:label
		ADDED from AndroidManifest.xml:33:19
	android:name
		ADDED from AndroidManifest.xml:32:19
uses-permission#android.permission.WRITE_EXTERNAL_STORAGE
ADDED from AndroidManifest.xml:42:5
	android:name
		ADDED from AndroidManifest.xml:42:22
uses-permission#android.permission.CAMERA
ADDED from AndroidManifest.xml:43:5
	android:name
		ADDED from AndroidManifest.xml:43:22
uses-feature#android.hardware.camera
ADDED from AndroidManifest.xml:44:5
	android:name
		ADDED from AndroidManifest.xml:44:19